<?xml version="1.0" encoding="UTF-8"?>
<testng-results ignored="0" total="1" passed="1" failed="0" skipped="0">
  <reporter-output>
  </reporter-output>
  <suite started-at="2021-07-16T10:50:29Z" name="Suite" finished-at="2021-07-16T10:50:52Z" duration-ms="23204">
    <groups>
    </groups>
    <test started-at="2021-07-16T10:50:29Z" name="Test" finished-at="2021-07-16T10:50:52Z" duration-ms="23204">
      <class name="test.CreateJobsheet">
        <test-method is-config="true" signature="browserSetup()[pri:0, instance:test.CreateJobsheet@2af616d3]" started-at="2021-07-16T10:50:29Z" name="browserSetup" finished-at="2021-07-16T10:50:50Z" duration-ms="21261" status="PASS">
          <reporter-output>
          </reporter-output>
        </test-method> <!-- browserSetup -->
        <test-method signature="createJobsheet()[pri:0, instance:test.CreateJobsheet@2af616d3]" started-at="2021-07-16T10:50:50Z" name="createJobsheet" finished-at="2021-07-16T10:50:52Z" duration-ms="1430" status="PASS">
          <reporter-output>
          </reporter-output>
        </test-method> <!-- createJobsheet -->
        <test-method is-config="true" signature="tearDown()[pri:0, instance:test.CreateJobsheet@2af616d3]" started-at="2021-07-16T10:50:52Z" name="tearDown" finished-at="2021-07-16T10:50:52Z" duration-ms="461" status="PASS">
          <reporter-output>
          </reporter-output>
        </test-method> <!-- tearDown -->
      </class> <!-- test.CreateJobsheet -->
    </test> <!-- Test -->
  </suite> <!-- Suite -->
</testng-results>
